Determining if the pthread_create exist failed with the following output:
Change Dir: /home/leonard/Git_Project/SpaceAttack/CMakeFiles/CMakeTmp

Run Build Command:"/usr/bin/make" "cmTC_4d774/fast"
/usr/bin/make -f CMakeFiles/cmTC_4d774.dir/build.make CMakeFiles/cmTC_4d774.dir/build
make[1] : on entre dans le répertoire « /home/leonard/Git_Project/SpaceAttack/CMakeFiles/CMakeTmp »
Building C object CMakeFiles/cmTC_4d774.dir/CheckSymbolExists.c.o
/usr/bin/cc   -O0 -ggdb -g   -o CMakeFiles/cmTC_4d774.dir/CheckSymbolExists.c.o   -c /home/leonard/Git_Project/SpaceAttack/CMakeFiles/CMakeTmp/CheckSymbolExists.c
Linking C executable cmTC_4d774
/usr/bin/cmake -E cmake_link_script CMakeFiles/cmTC_4d774.dir/link.txt --verbose=1
/usr/bin/cc  -O0 -ggdb -g    -rdynamic CMakeFiles/cmTC_4d774.dir/CheckSymbolExists.c.o  -o cmTC_4d774 
CMakeFiles/cmTC_4d774.dir/CheckSymbolExists.c.o : Dans la fonction « main » :
/home/leonard/Git_Project/SpaceAttack/CMakeFiles/CMakeTmp/CheckSymbolExists.c:8 : référence indéfinie vers « pthread_create »
collect2: error: ld returned 1 exit status
CMakeFiles/cmTC_4d774.dir/build.make:97: recipe for target 'cmTC_4d774' failed
make[1]: *** [cmTC_4d774] Error 1
make[1] : on quitte le répertoire « /home/leonard/Git_Project/SpaceAttack/CMakeFiles/CMakeTmp »
Makefile:126: recipe for target 'cmTC_4d774/fast' failed
make: *** [cmTC_4d774/fast] Error 2

File /home/leonard/Git_Project/SpaceAttack/CMakeFiles/CMakeTmp/CheckSymbolExists.c:
/* */
#include <pthread.h>

int main(int argc, char** argv)
{
  (void)argv;
#ifndef pthread_create
  return ((int*)(&pthread_create))[argc];
#else
  (void)argc;
  return 0;
#endif
}

Determining if the function pthread_create exists in the pthreads failed with the following output:
Change Dir: /home/leonard/Git_Project/SpaceAttack/CMakeFiles/CMakeTmp

Run Build Command:"/usr/bin/make" "cmTC_45d63/fast"
/usr/bin/make -f CMakeFiles/cmTC_45d63.dir/build.make CMakeFiles/cmTC_45d63.dir/build
make[1] : on entre dans le répertoire « /home/leonard/Git_Project/SpaceAttack/CMakeFiles/CMakeTmp »
Building C object CMakeFiles/cmTC_45d63.dir/CheckFunctionExists.c.o
/usr/bin/cc   -O0 -ggdb -DCHECK_FUNCTION_EXISTS=pthread_create -g   -o CMakeFiles/cmTC_45d63.dir/CheckFunctionExists.c.o   -c /usr/share/cmake-3.10/Modules/CheckFunctionExists.c
Linking C executable cmTC_45d63
/usr/bin/cmake -E cmake_link_script CMakeFiles/cmTC_45d63.dir/link.txt --verbose=1
/usr/bin/cc  -O0 -ggdb -DCHECK_FUNCTION_EXISTS=pthread_create -g    -rdynamic CMakeFiles/cmTC_45d63.dir/CheckFunctionExists.c.o  -o cmTC_45d63 -lpthreads 
/usr/bin/x86_64-linux-gnu-ld : ne peut trouver -lpthreads
collect2: error: ld returned 1 exit status
CMakeFiles/cmTC_45d63.dir/build.make:97: recipe for target 'cmTC_45d63' failed
make[1]: *** [cmTC_45d63] Error 1
make[1] : on quitte le répertoire « /home/leonard/Git_Project/SpaceAttack/CMakeFiles/CMakeTmp »
Makefile:126: recipe for target 'cmTC_45d63/fast' failed
make: *** [cmTC_45d63/fast] Error 2


Determining if the pthread_create exist failed with the following output:
Change Dir: /home/leonard/Git_Project/SpaceAttack/CMakeFiles/CMakeTmp

Run Build Command:"/usr/bin/make" "cmTC_4d88c/fast"
/usr/bin/make -f CMakeFiles/cmTC_4d88c.dir/build.make CMakeFiles/cmTC_4d88c.dir/build
make[1] : on entre dans le répertoire « /home/leonard/Git_Project/SpaceAttack/CMakeFiles/CMakeTmp »
Building C object CMakeFiles/cmTC_4d88c.dir/CheckSymbolExists.c.o
/usr/bin/cc   -O0 -ggdb -g   -o CMakeFiles/cmTC_4d88c.dir/CheckSymbolExists.c.o   -c /home/leonard/Git_Project/SpaceAttack/CMakeFiles/CMakeTmp/CheckSymbolExists.c
Linking C executable cmTC_4d88c
/usr/bin/cmake -E cmake_link_script CMakeFiles/cmTC_4d88c.dir/link.txt --verbose=1
/usr/bin/cc  -O0 -ggdb -g    -rdynamic CMakeFiles/cmTC_4d88c.dir/CheckSymbolExists.c.o  -o cmTC_4d88c 
CMakeFiles/cmTC_4d88c.dir/CheckSymbolExists.c.o : Dans la fonction « main » :
/home/leonard/Git_Project/SpaceAttack/CMakeFiles/CMakeTmp/CheckSymbolExists.c:8 : référence indéfinie vers « pthread_create »
collect2: error: ld returned 1 exit status
CMakeFiles/cmTC_4d88c.dir/build.make:97: recipe for target 'cmTC_4d88c' failed
make[1]: *** [cmTC_4d88c] Error 1
make[1] : on quitte le répertoire « /home/leonard/Git_Project/SpaceAttack/CMakeFiles/CMakeTmp »
Makefile:126: recipe for target 'cmTC_4d88c/fast' failed
make: *** [cmTC_4d88c/fast] Error 2

File /home/leonard/Git_Project/SpaceAttack/CMakeFiles/CMakeTmp/CheckSymbolExists.c:
/* */
#include <pthread.h>

int main(int argc, char** argv)
{
  (void)argv;
#ifndef pthread_create
  return ((int*)(&pthread_create))[argc];
#else
  (void)argc;
  return 0;
#endif
}

Determining if the function pthread_create exists in the pthreads failed with the following output:
Change Dir: /home/leonard/Git_Project/SpaceAttack/CMakeFiles/CMakeTmp

Run Build Command:"/usr/bin/make" "cmTC_1cd42/fast"
/usr/bin/make -f CMakeFiles/cmTC_1cd42.dir/build.make CMakeFiles/cmTC_1cd42.dir/build
make[1] : on entre dans le répertoire « /home/leonard/Git_Project/SpaceAttack/CMakeFiles/CMakeTmp »
Building C object CMakeFiles/cmTC_1cd42.dir/CheckFunctionExists.c.o
/usr/bin/cc   -O0 -ggdb -DCHECK_FUNCTION_EXISTS=pthread_create -g   -o CMakeFiles/cmTC_1cd42.dir/CheckFunctionExists.c.o   -c /usr/share/cmake-3.10/Modules/CheckFunctionExists.c
Linking C executable cmTC_1cd42
/usr/bin/cmake -E cmake_link_script CMakeFiles/cmTC_1cd42.dir/link.txt --verbose=1
/usr/bin/cc  -O0 -ggdb -DCHECK_FUNCTION_EXISTS=pthread_create -g    -rdynamic CMakeFiles/cmTC_1cd42.dir/CheckFunctionExists.c.o  -o cmTC_1cd42 -lpthreads 
/usr/bin/x86_64-linux-gnu-ld : ne peut trouver -lpthreads
collect2: error: ld returned 1 exit status
CMakeFiles/cmTC_1cd42.dir/build.make:97: recipe for target 'cmTC_1cd42' failed
make[1]: *** [cmTC_1cd42] Error 1
make[1] : on quitte le répertoire « /home/leonard/Git_Project/SpaceAttack/CMakeFiles/CMakeTmp »
Makefile:126: recipe for target 'cmTC_1cd42/fast' failed
make: *** [cmTC_1cd42/fast] Error 2


